[0.266s] DEBUG:colcon:Command line arguments: ['/usr/bin/colcon', 'build', '--merge-install']
[0.266s] DEBUG:colcon:Parsed command line arguments: Namespace(ament_cmake_args=None, base_paths=['.'], build_base='build', catkin_cmake_args=None, catkin_skip_building_tests=False, cmake_args=None, cmake_clean_cache=False, cmake_clean_first=False, cmake_force_configure=False, cmake_target=None, cmake_target_skip_unavailable=False, continue_on_error=False, event_handlers=None, executor='parallel', ignore_user_meta=False, install_base='install', log_base=None, log_level=None, main=<bound method BuildVerb.main of <colcon_core.verb.build.BuildVerb object at 0x7f990e25d910>>, merge_install=True, metas=['./colcon.meta'], packages_above=None, packages_above_and_dependencies=None, packages_above_depth=None, packages_end=None, packages_ignore=None, packages_ignore_regex=None, packages_select=None, packages_select_build_failed=False, packages_select_by_dep=None, packages_select_regex=None, packages_select_test_failures=False, packages_skip=None, packages_skip_build_finished=False, packages_skip_by_dep=None, packages_skip_regex=None, packages_skip_test_passed=False, packages_skip_up_to=None, packages_start=None, packages_up_to=None, packages_up_to_regex=None, parallel_workers=4, paths=None, symlink_install=False, test_result_base=None, verb_extension=<colcon_core.verb.build.BuildVerb object at 0x7f990e25d910>, verb_name='build', verb_parser=<colcon_defaults.argument_parser.defaults.DefaultArgumentsDecorator object at 0x7f990e25de80>)
[0.271s] Level 1:colcon.colcon_core.package_discovery:discover_packages(colcon_meta) check parameters
[0.271s] Level 1:colcon.colcon_core.package_discovery:discover_packages(recursive) check parameters
[0.271s] Level 1:colcon.colcon_core.package_discovery:discover_packages(ignore) check parameters
[0.271s] Level 1:colcon.colcon_core.package_discovery:discover_packages(path) check parameters
[0.271s] Level 1:colcon.colcon_core.package_discovery:discover_packages(colcon_meta) discover
[0.271s] Level 1:colcon.colcon_core.package_discovery:discover_packages(recursive) discover
[0.272s] INFO:colcon.colcon_core.package_discovery:Crawling recursively for packages in '/workspaces/ROS2/src'
[0.272s] Level 1:colcon.colcon_core.package_identification:_identify(.) by extensions ['ignore', 'ignore_ament_install']
[0.272s] Level 1:colcon.colcon_core.package_identification:_identify(.) by extension 'ignore'
[0.272s] Level 1:colcon.colcon_core.package_identification:_identify(.) by extension 'ignore_ament_install'
[0.272s] Level 1:colcon.colcon_core.package_identification:_identify(.) by extensions ['colcon_pkg']
[0.272s] Level 1:colcon.colcon_core.package_identification:_identify(.) by extension 'colcon_pkg'
[0.272s] Level 1:colcon.colcon_core.package_identification:_identify(.) by extensions ['colcon_meta']
[0.272s] Level 1:colcon.colcon_core.package_identification:_identify(.) by extension 'colcon_meta'
[0.272s] Level 1:colcon.colcon_core.package_identification:_identify(.) by extensions ['ros']
[0.272s] Level 1:colcon.colcon_core.package_identification:_identify(.) by extension 'ros'
[0.282s] Level 1:colcon.colcon_core.package_identification:_identify(.) by extensions ['cmake', 'python']
[0.283s] Level 1:colcon.colcon_core.package_identification:_identify(.) by extension 'cmake'
[0.283s] Level 1:colcon.colcon_core.package_identification:_identify(.) by extension 'python'
[0.283s] Level 1:colcon.colcon_core.package_identification:_identify(.) by extensions ['python_setup_py']
[0.283s] Level 1:colcon.colcon_core.package_identification:_identify(.) by extension 'python_setup_py'
[0.283s] Level 1:colcon.colcon_core.package_identification:_identify(build) by extensions ['ignore', 'ignore_ament_install']
[0.283s] Level 1:colcon.colcon_core.package_identification:_identify(build) by extension 'ignore'
[0.283s] Level 1:colcon.colcon_core.package_identification:_identify(build) ignored
[0.283s] Level 1:colcon.colcon_core.package_identification:_identify(cpp_package) by extensions ['ignore', 'ignore_ament_install']
[0.283s] Level 1:colcon.colcon_core.package_identification:_identify(cpp_package) by extension 'ignore'
[0.283s] Level 1:colcon.colcon_core.package_identification:_identify(cpp_package) by extension 'ignore_ament_install'
[0.283s] Level 1:colcon.colcon_core.package_identification:_identify(cpp_package) by extensions ['colcon_pkg']
[0.283s] Level 1:colcon.colcon_core.package_identification:_identify(cpp_package) by extension 'colcon_pkg'
[0.283s] Level 1:colcon.colcon_core.package_identification:_identify(cpp_package) by extensions ['colcon_meta']
[0.283s] Level 1:colcon.colcon_core.package_identification:_identify(cpp_package) by extension 'colcon_meta'
[0.284s] Level 1:colcon.colcon_core.package_identification:_identify(cpp_package) by extensions ['ros']
[0.284s] Level 1:colcon.colcon_core.package_identification:_identify(cpp_package) by extension 'ros'
[0.287s] DEBUG:colcon.colcon_core.package_identification:Package 'cpp_package' with type 'ros.ament_cmake' and name 'cpp_package'
[0.287s] Level 1:colcon.colcon_core.package_identification:_identify(install) by extensions ['ignore', 'ignore_ament_install']
[0.287s] Level 1:colcon.colcon_core.package_identification:_identify(install) by extension 'ignore'
[0.287s] Level 1:colcon.colcon_core.package_identification:_identify(install) ignored
[0.287s] Level 1:colcon.colcon_core.package_identification:_identify(log) by extensions ['ignore', 'ignore_ament_install']
[0.287s] Level 1:colcon.colcon_core.package_identification:_identify(log) by extension 'ignore'
[0.287s] Level 1:colcon.colcon_core.package_identification:_identify(log) ignored
[0.287s] Level 1:colcon.colcon_core.package_identification:_identify(python_package) by extensions ['ignore', 'ignore_ament_install']
[0.287s] Level 1:colcon.colcon_core.package_identification:_identify(python_package) by extension 'ignore'
[0.287s] Level 1:colcon.colcon_core.package_identification:_identify(python_package) by extension 'ignore_ament_install'
[0.287s] Level 1:colcon.colcon_core.package_identification:_identify(python_package) by extensions ['colcon_pkg']
[0.287s] Level 1:colcon.colcon_core.package_identification:_identify(python_package) by extension 'colcon_pkg'
[0.287s] Level 1:colcon.colcon_core.package_identification:_identify(python_package) by extensions ['colcon_meta']
[0.288s] Level 1:colcon.colcon_core.package_identification:_identify(python_package) by extension 'colcon_meta'
[0.288s] Level 1:colcon.colcon_core.package_identification:_identify(python_package) by extensions ['ros']
[0.288s] Level 1:colcon.colcon_core.package_identification:_identify(python_package) by extension 'ros'
[0.288s] DEBUG:colcon.colcon_core.package_identification:Package 'python_package' with type 'ros.ament_python' and name 'python_package'
[0.288s] Level 1:colcon.colcon_core.package_discovery:discover_packages(recursive) using defaults
[0.288s] Level 1:colcon.colcon_core.package_discovery:discover_packages(ignore) discover
[0.288s] Level 1:colcon.colcon_core.package_discovery:discover_packages(ignore) using defaults
[0.288s] Level 1:colcon.colcon_core.package_discovery:discover_packages(path) discover
[0.288s] Level 1:colcon.colcon_core.package_discovery:discover_packages(path) using defaults
[0.306s] Level 5:colcon.colcon_core.verb:set package 'cpp_package' build argument 'cmake_args' from command line to 'None'
[0.306s] Level 5:colcon.colcon_core.verb:set package 'cpp_package' build argument 'cmake_target' from command line to 'None'
[0.307s] Level 5:colcon.colcon_core.verb:set package 'cpp_package' build argument 'cmake_target_skip_unavailable' from command line to 'False'
[0.307s] Level 5:colcon.colcon_core.verb:set package 'cpp_package' build argument 'cmake_clean_cache' from command line to 'False'
[0.307s] Level 5:colcon.colcon_core.verb:set package 'cpp_package' build argument 'cmake_clean_first' from command line to 'False'
[0.307s] Level 5:colcon.colcon_core.verb:set package 'cpp_package' build argument 'cmake_force_configure' from command line to 'False'
[0.307s] Level 5:colcon.colcon_core.verb:set package 'cpp_package' build argument 'ament_cmake_args' from command line to 'None'
[0.307s] Level 5:colcon.colcon_core.verb:set package 'cpp_package' build argument 'catkin_cmake_args' from command line to 'None'
[0.307s] Level 5:colcon.colcon_core.verb:set package 'cpp_package' build argument 'catkin_skip_building_tests' from command line to 'False'
[0.307s] DEBUG:colcon.colcon_core.verb:Building package 'cpp_package' with the following arguments: {'ament_cmake_args': None, 'build_base': '/workspaces/ROS2/src/build/cpp_package', 'catkin_cmake_args': None, 'catkin_skip_building_tests': False, 'cmake_args': None, 'cmake_clean_cache': False, 'cmake_clean_first': False, 'cmake_force_configure': False, 'cmake_target': None, 'cmake_target_skip_unavailable': False, 'install_base': '/workspaces/ROS2/src/install', 'merge_install': True, 'path': '/workspaces/ROS2/src/cpp_package', 'symlink_install': False, 'test_result_base': None}
[0.309s] Level 5:colcon.colcon_core.verb:set package 'python_package' build argument 'cmake_args' from command line to 'None'
[0.309s] Level 5:colcon.colcon_core.verb:set package 'python_package' build argument 'cmake_target' from command line to 'None'
[0.309s] Level 5:colcon.colcon_core.verb:set package 'python_package' build argument 'cmake_target_skip_unavailable' from command line to 'False'
[0.309s] Level 5:colcon.colcon_core.verb:set package 'python_package' build argument 'cmake_clean_cache' from command line to 'False'
[0.309s] Level 5:colcon.colcon_core.verb:set package 'python_package' build argument 'cmake_clean_first' from command line to 'False'
[0.309s] Level 5:colcon.colcon_core.verb:set package 'python_package' build argument 'cmake_force_configure' from command line to 'False'
[0.309s] Level 5:colcon.colcon_core.verb:set package 'python_package' build argument 'ament_cmake_args' from command line to 'None'
[0.309s] Level 5:colcon.colcon_core.verb:set package 'python_package' build argument 'catkin_cmake_args' from command line to 'None'
[0.309s] Level 5:colcon.colcon_core.verb:set package 'python_package' build argument 'catkin_skip_building_tests' from command line to 'False'
[0.309s] DEBUG:colcon.colcon_core.verb:Building package 'python_package' with the following arguments: {'ament_cmake_args': None, 'build_base': '/workspaces/ROS2/src/build/python_package', 'catkin_cmake_args': None, 'catkin_skip_building_tests': False, 'cmake_args': None, 'cmake_clean_cache': False, 'cmake_clean_first': False, 'cmake_force_configure': False, 'cmake_target': None, 'cmake_target_skip_unavailable': False, 'install_base': '/workspaces/ROS2/src/install', 'merge_install': True, 'path': '/workspaces/ROS2/src/python_package', 'symlink_install': False, 'test_result_base': None}
[0.310s] INFO:colcon.colcon_core.executor:Executing jobs using 'parallel' executor
[0.311s] DEBUG:colcon.colcon_parallel_executor.executor.parallel:run_until_complete
[0.312s] INFO:colcon.colcon_ros.task.ament_cmake.build:Building ROS package in '/workspaces/ROS2/src/cpp_package' with build type 'ament_cmake'
[0.312s] INFO:colcon.colcon_cmake.task.cmake.build:Building CMake package in '/workspaces/ROS2/src/cpp_package'
[0.316s] INFO:colcon.colcon_core.plugin_system:Skipping extension 'colcon_core.shell.bat': Not used on non-Windows systems
[0.316s] INFO:colcon.colcon_core.shell:Skip shell extension 'powershell' for command environment: Not usable outside of PowerShell
[0.316s] DEBUG:colcon.colcon_core.shell:Skip shell extension 'dsv' for command environment
[0.318s] WARNING:colcon.colcon_core.prefix_path.colcon:The path '/workspaces/ROS2/install' in the environment variable COLCON_PREFIX_PATH doesn't exist
[0.318s] WARNING:colcon.colcon_ros.prefix_path.ament:The path '/workspaces/ROS2/install/new_package' in the environment variable AMENT_PREFIX_PATH doesn't exist
[0.318s] WARNING:colcon.colcon_ros.prefix_path.ament:The path '/workspaces/ROS2/install/example' in the environment variable AMENT_PREFIX_PATH doesn't exist
[0.318s] WARNING:colcon.colcon_ros.prefix_path.catkin:The path '/workspaces/ROS2/install/new_package' in the environment variable CMAKE_PREFIX_PATH doesn't exist
[0.318s] WARNING:colcon.colcon_ros.prefix_path.catkin:The path '/workspaces/ROS2/install/example' in the environment variable CMAKE_PREFIX_PATH doesn't exist
[0.318s] DEBUG:colcon.colcon_core.shell:Ignoring prefix path '/opt/ros/foxy'
[0.330s] INFO:colcon.colcon_ros.task.ament_python.build:Building ROS package in '/workspaces/ROS2/src/python_package' with build type 'ament_python'
[0.331s] Level 1:colcon.colcon_core.shell:create_environment_hook('python_package', 'ament_prefix_path')
[0.336s] INFO:colcon.colcon_core.shell:Creating environment hook '/workspaces/ROS2/src/install/share/python_package/hook/ament_prefix_path.ps1'
[0.338s] INFO:colcon.colcon_core.shell:Creating environment descriptor '/workspaces/ROS2/src/install/share/python_package/hook/ament_prefix_path.dsv'
[0.339s] INFO:colcon.colcon_core.shell:Creating environment hook '/workspaces/ROS2/src/install/share/python_package/hook/ament_prefix_path.sh'
[0.340s] INFO:colcon.colcon_core.shell:Skip shell extension 'powershell' for command environment: Not usable outside of PowerShell
[0.340s] DEBUG:colcon.colcon_core.shell:Skip shell extension 'dsv' for command environment
[0.342s] DEBUG:colcon.colcon_core.shell:Ignoring prefix path '/opt/ros/foxy'
[0.347s] DEBUG:colcon.colcon_core.event_handler.log_command:Invoking command in '/workspaces/ROS2/src/build/cpp_package': CMAKE_PREFIX_PATH=${CMAKE_PREFIX_PATH}:/opt/ros/foxy /usr/bin/cmake /workspaces/ROS2/src/cpp_package -DCMAKE_INSTALL_PREFIX=/workspaces/ROS2/src/install
[0.569s] INFO:colcon.colcon_core.task.python.build:Building Python package in '/workspaces/ROS2/src/python_package'
[0.570s] INFO:colcon.colcon_core.shell:Skip shell extension 'powershell' for command environment: Not usable outside of PowerShell
[0.570s] DEBUG:colcon.colcon_core.shell:Skip shell extension 'dsv' for command environment
[0.571s] DEBUG:colcon.colcon_core.shell:Ignoring prefix path '/opt/ros/foxy'
[0.577s] DEBUG:colcon.colcon_core.event_handler.log_command:Invoking command in '/workspaces/ROS2/src/python_package': PYTHONPATH=/workspaces/ROS2/src/install/lib/python3.8/site-packages:${PYTHONPATH} /usr/bin/python3 setup.py egg_info --egg-base ../build/python_package build --build-base /workspaces/ROS2/src/build/python_package/build install --prefix /workspaces/ROS2/src/install --record /workspaces/ROS2/src/build/python_package/install.log --single-version-externally-managed
[0.962s] DEBUG:colcon.colcon_core.event_handler.log_command:Invoked command in '/workspaces/ROS2/src/python_package' returned '0': PYTHONPATH=/workspaces/ROS2/src/install/lib/python3.8/site-packages:${PYTHONPATH} /usr/bin/python3 setup.py egg_info --egg-base ../build/python_package build --build-base /workspaces/ROS2/src/build/python_package/build install --prefix /workspaces/ROS2/src/install --record /workspaces/ROS2/src/build/python_package/install.log --single-version-externally-managed
[0.983s] Level 1:colcon.colcon_core.environment:checking '/workspaces/ROS2/src/install' for CMake module files
[0.984s] Level 1:colcon.colcon_core.environment:checking '/workspaces/ROS2/src/install' for CMake config files
[0.984s] Level 1:colcon.colcon_core.environment:checking '/workspaces/ROS2/src/install/lib'
[0.984s] Level 1:colcon.colcon_core.environment:checking '/workspaces/ROS2/src/install/bin'
[0.985s] Level 1:colcon.colcon_core.environment:checking '/workspaces/ROS2/src/install/lib/pkgconfig/python_package.pc'
[0.985s] Level 1:colcon.colcon_core.environment:checking '/workspaces/ROS2/src/install/lib/python3.8/site-packages'
[0.985s] Level 1:colcon.colcon_core.shell:create_environment_hook('python_package', 'pythonpath')
[0.985s] INFO:colcon.colcon_core.shell:Creating environment hook '/workspaces/ROS2/src/install/share/python_package/hook/pythonpath.ps1'
[0.986s] INFO:colcon.colcon_core.shell:Creating environment descriptor '/workspaces/ROS2/src/install/share/python_package/hook/pythonpath.dsv'
[0.986s] INFO:colcon.colcon_core.shell:Creating environment hook '/workspaces/ROS2/src/install/share/python_package/hook/pythonpath.sh'
[0.986s] Level 1:colcon.colcon_core.environment:create_environment_scripts_only(python_package)
[0.987s] INFO:colcon.colcon_core.shell:Creating package script '/workspaces/ROS2/src/install/share/python_package/package.ps1'
[0.988s] INFO:colcon.colcon_core.shell:Creating package descriptor '/workspaces/ROS2/src/install/share/python_package/package.dsv'
[0.996s] INFO:colcon.colcon_core.shell:Creating package script '/workspaces/ROS2/src/install/share/python_package/package.sh'
[0.998s] INFO:colcon.colcon_core.shell:Creating package script '/workspaces/ROS2/src/install/share/python_package/package.bash'
[0.999s] INFO:colcon.colcon_core.shell:Creating package script '/workspaces/ROS2/src/install/share/python_package/package.zsh'
[1.001s] Level 1:colcon.colcon_core.environment:create_file_with_runtime_dependencies(/workspaces/ROS2/src/install/share/colcon-core/packages/python_package)
[1.573s] DEBUG:colcon.colcon_core.event_handler.log_command:Invoked command in '/workspaces/ROS2/src/build/cpp_package' returned '0': CMAKE_PREFIX_PATH=${CMAKE_PREFIX_PATH}:/opt/ros/foxy /usr/bin/cmake /workspaces/ROS2/src/cpp_package -DCMAKE_INSTALL_PREFIX=/workspaces/ROS2/src/install
[1.575s] DEBUG:colcon.colcon_core.event_handler.log_command:Invoking command in '/workspaces/ROS2/src/build/cpp_package': CMAKE_PREFIX_PATH=${CMAKE_PREFIX_PATH}:/opt/ros/foxy /usr/bin/cmake --build /workspaces/ROS2/src/build/cpp_package -- -j4 -l4
[1.614s] DEBUG:colcon.colcon_core.event_handler.log_command:Invoked command in '/workspaces/ROS2/src/build/cpp_package' returned '0': CMAKE_PREFIX_PATH=${CMAKE_PREFIX_PATH}:/opt/ros/foxy /usr/bin/cmake --build /workspaces/ROS2/src/build/cpp_package -- -j4 -l4
[1.647s] DEBUG:colcon.colcon_core.event_handler.log_command:Invoking command in '/workspaces/ROS2/src/build/cpp_package': CMAKE_PREFIX_PATH=${CMAKE_PREFIX_PATH}:/opt/ros/foxy /usr/bin/cmake --install /workspaces/ROS2/src/build/cpp_package
[1.659s] Level 1:colcon.colcon_core.environment:create_environment_scripts_only(cpp_package)
[1.661s] Level 1:colcon.colcon_core.environment:checking '/workspaces/ROS2/src/install' for CMake module files
[1.661s] DEBUG:colcon.colcon_core.event_handler.log_command:Invoked command in '/workspaces/ROS2/src/build/cpp_package' returned '0': CMAKE_PREFIX_PATH=${CMAKE_PREFIX_PATH}:/opt/ros/foxy /usr/bin/cmake --install /workspaces/ROS2/src/build/cpp_package
[1.661s] Level 1:colcon.colcon_core.environment:checking '/workspaces/ROS2/src/install' for CMake config files
[1.662s] Level 1:colcon.colcon_core.shell:create_environment_hook('cpp_package', 'cmake_prefix_path')
[1.662s] INFO:colcon.colcon_core.shell:Creating environment hook '/workspaces/ROS2/src/install/share/cpp_package/hook/cmake_prefix_path.ps1'
[1.663s] INFO:colcon.colcon_core.shell:Creating environment descriptor '/workspaces/ROS2/src/install/share/cpp_package/hook/cmake_prefix_path.dsv'
[1.663s] INFO:colcon.colcon_core.shell:Creating environment hook '/workspaces/ROS2/src/install/share/cpp_package/hook/cmake_prefix_path.sh'
[1.664s] Level 1:colcon.colcon_core.environment:checking '/workspaces/ROS2/src/install/lib'
[1.664s] Level 1:colcon.colcon_core.environment:checking '/workspaces/ROS2/src/install/bin'
[1.664s] Level 1:colcon.colcon_core.environment:checking '/workspaces/ROS2/src/install/lib/pkgconfig/cpp_package.pc'
[1.664s] Level 1:colcon.colcon_core.environment:checking '/workspaces/ROS2/src/install/lib/python3.8/site-packages'
[1.664s] Level 1:colcon.colcon_core.shell:create_environment_hook('cpp_package', 'pythonpath')
[1.665s] INFO:colcon.colcon_core.shell:Creating environment hook '/workspaces/ROS2/src/install/share/cpp_package/hook/pythonpath.ps1'
[1.665s] INFO:colcon.colcon_core.shell:Creating environment descriptor '/workspaces/ROS2/src/install/share/cpp_package/hook/pythonpath.dsv'
[1.666s] INFO:colcon.colcon_core.shell:Creating environment hook '/workspaces/ROS2/src/install/share/cpp_package/hook/pythonpath.sh'
[1.680s] INFO:colcon.colcon_core.shell:Creating package script '/workspaces/ROS2/src/install/share/cpp_package/package.ps1'
[1.681s] INFO:colcon.colcon_core.shell:Creating package descriptor '/workspaces/ROS2/src/install/share/cpp_package/package.dsv'
[1.681s] INFO:colcon.colcon_core.shell:Creating package script '/workspaces/ROS2/src/install/share/cpp_package/package.sh'
[1.682s] INFO:colcon.colcon_core.shell:Creating package script '/workspaces/ROS2/src/install/share/cpp_package/package.bash'
[1.682s] INFO:colcon.colcon_core.shell:Creating package script '/workspaces/ROS2/src/install/share/cpp_package/package.zsh'
[1.682s] Level 1:colcon.colcon_core.environment:create_file_with_runtime_dependencies(/workspaces/ROS2/src/install/share/colcon-core/packages/cpp_package)
[1.709s] Level 1:colcon.colcon_core.environment:create_environment_scripts_only(cpp_package)
[1.710s] Level 1:colcon.colcon_core.environment:checking '/workspaces/ROS2/src/install' for CMake module files
[1.710s] Level 1:colcon.colcon_core.environment:checking '/workspaces/ROS2/src/install' for CMake config files
[1.711s] Level 1:colcon.colcon_core.shell:create_environment_hook('cpp_package', 'cmake_prefix_path')
[1.711s] INFO:colcon.colcon_core.shell:Creating environment hook '/workspaces/ROS2/src/install/share/cpp_package/hook/cmake_prefix_path.ps1'
[1.712s] INFO:colcon.colcon_core.shell:Creating environment descriptor '/workspaces/ROS2/src/install/share/cpp_package/hook/cmake_prefix_path.dsv'
[1.712s] INFO:colcon.colcon_core.shell:Creating environment hook '/workspaces/ROS2/src/install/share/cpp_package/hook/cmake_prefix_path.sh'
[1.713s] Level 1:colcon.colcon_core.environment:checking '/workspaces/ROS2/src/install/lib'
[1.713s] Level 1:colcon.colcon_core.environment:checking '/workspaces/ROS2/src/install/bin'
[1.713s] Level 1:colcon.colcon_core.environment:checking '/workspaces/ROS2/src/install/lib/pkgconfig/cpp_package.pc'
[1.713s] Level 1:colcon.colcon_core.environment:checking '/workspaces/ROS2/src/install/lib/python3.8/site-packages'
[1.713s] Level 1:colcon.colcon_core.shell:create_environment_hook('cpp_package', 'pythonpath')
[1.714s] INFO:colcon.colcon_core.shell:Creating environment hook '/workspaces/ROS2/src/install/share/cpp_package/hook/pythonpath.ps1'
[1.714s] INFO:colcon.colcon_core.shell:Creating environment descriptor '/workspaces/ROS2/src/install/share/cpp_package/hook/pythonpath.dsv'
[1.715s] INFO:colcon.colcon_core.shell:Creating environment hook '/workspaces/ROS2/src/install/share/cpp_package/hook/pythonpath.sh'
[1.716s] INFO:colcon.colcon_core.shell:Creating package script '/workspaces/ROS2/src/install/share/cpp_package/package.ps1'
[1.716s] INFO:colcon.colcon_core.shell:Creating package descriptor '/workspaces/ROS2/src/install/share/cpp_package/package.dsv'
[1.717s] INFO:colcon.colcon_core.shell:Creating package script '/workspaces/ROS2/src/install/share/cpp_package/package.sh'
[1.717s] INFO:colcon.colcon_core.shell:Creating package script '/workspaces/ROS2/src/install/share/cpp_package/package.bash'
[1.718s] INFO:colcon.colcon_core.shell:Creating package script '/workspaces/ROS2/src/install/share/cpp_package/package.zsh'
[1.719s] Level 1:colcon.colcon_core.environment:create_file_with_runtime_dependencies(/workspaces/ROS2/src/install/share/colcon-core/packages/cpp_package)
[1.719s] DEBUG:colcon.colcon_parallel_executor.executor.parallel:closing loop
[1.720s] DEBUG:colcon.colcon_parallel_executor.executor.parallel:loop closed
[1.720s] DEBUG:colcon.colcon_parallel_executor.executor.parallel:run_until_complete finished with '0'
[1.720s] DEBUG:colcon.colcon_core.event_reactor:joining thread
[1.727s] INFO:colcon.colcon_core.plugin_system:Skipping extension 'colcon_notification.desktop_notification.notify_send': Could not find 'notify-send'
[1.728s] INFO:colcon.colcon_core.plugin_system:Skipping extension 'colcon_notification.desktop_notification.terminal_notifier': Not used on non-Darwin systems
[1.729s] INFO:colcon.colcon_core.plugin_system:Skipping extension 'colcon_notification.desktop_notification.win32': Not used on non-Windows systems
[1.729s] INFO:colcon.colcon_notification.desktop_notification:Sending desktop notification using 'notify2'
[1.731s] DEBUG:colcon.colcon_notification.desktop_notification.notify2:Failed to initialize notify2: org.freedesktop.DBus.Error.Spawn.ExecFailed: /usr/bin/dbus-launch terminated abnormally without any error message
[1.731s] DEBUG:colcon.colcon_core.event_reactor:joined thread
[1.732s] INFO:colcon.colcon_core.shell:Creating prefix script '/workspaces/ROS2/src/install/local_setup.ps1'
[1.733s] INFO:colcon.colcon_core.shell:Creating prefix util module '/workspaces/ROS2/src/install/_local_setup_util_ps1.py'
[1.734s] INFO:colcon.colcon_core.shell:Creating prefix chain script '/workspaces/ROS2/src/install/setup.ps1'
[1.737s] INFO:colcon.colcon_core.shell:Creating prefix script '/workspaces/ROS2/src/install/local_setup.sh'
[1.737s] INFO:colcon.colcon_core.shell:Creating prefix util module '/workspaces/ROS2/src/install/_local_setup_util_sh.py'
[1.737s] INFO:colcon.colcon_core.shell:Creating prefix chain script '/workspaces/ROS2/src/install/setup.sh'
[1.739s] INFO:colcon.colcon_core.shell:Creating prefix script '/workspaces/ROS2/src/install/local_setup.bash'
[1.740s] INFO:colcon.colcon_core.shell:Creating prefix chain script '/workspaces/ROS2/src/install/setup.bash'
[1.742s] INFO:colcon.colcon_core.shell:Creating prefix script '/workspaces/ROS2/src/install/local_setup.zsh'
[1.742s] INFO:colcon.colcon_core.shell:Creating prefix chain script '/workspaces/ROS2/src/install/setup.zsh'
