[0.034s] Invoking command in '/workspaces/ROS2/src/build/cpp_package': CMAKE_PREFIX_PATH=${CMAKE_PREFIX_PATH}:/opt/ros/foxy /usr/bin/cmake /workspaces/ROS2/src/cpp_package -DCMAKE_INSTALL_PREFIX=/workspaces/ROS2/src/install
[0.250s] -- The C compiler identification is GNU 9.3.0
[0.367s] -- The CXX compiler identification is GNU 9.3.0
[0.389s] -- Check for working C compiler: /usr/bin/cc
[0.461s] -- Check for working C compiler: /usr/bin/cc -- works
[0.463s] -- Detecting C compiler ABI info
[0.530s] -- Detecting C compiler ABI info - done
[0.541s] -- Detecting C compile features
[0.544s] -- Detecting C compile features - done
[0.548s] -- Check for working CXX compiler: /usr/bin/c++
[0.629s] -- Check for working CXX compiler: /usr/bin/c++ -- works
[0.630s] -- Detecting CXX compiler ABI info
[0.739s] -- Detecting CXX compiler ABI info - done
[0.764s] -- Detecting CXX compile features
[0.766s] -- Detecting CXX compile features - done
[0.814s] -- Found ament_cmake: 0.9.9 (/opt/ros/foxy/share/ament_cmake/cmake)
[0.851s] -- Found PythonInterp: /usr/bin/python3 (found suitable version "3.8.10", minimum required is "3") 
[0.851s] -- Using PYTHON_EXECUTABLE: /usr/bin/python3
[1.131s] -- Found ament_lint_auto: 0.9.6 (/opt/ros/foxy/share/ament_lint_auto/cmake)
[1.242s] -- Added test 'copyright' to check source files copyright and LICENSE
[1.245s] -- Added test 'lint_cmake' to check CMake code style
[1.246s] -- Added test 'xmllint' to check XML markup files
[1.254s] -- Configuring done
[1.257s] -- Generating done
[1.257s] -- Build files have been written to: /workspaces/ROS2/src/build/cpp_package
[1.260s] Invoked command in '/workspaces/ROS2/src/build/cpp_package' returned '0': CMAKE_PREFIX_PATH=${CMAKE_PREFIX_PATH}:/opt/ros/foxy /usr/bin/cmake /workspaces/ROS2/src/cpp_package -DCMAKE_INSTALL_PREFIX=/workspaces/ROS2/src/install
[1.263s] Invoking command in '/workspaces/ROS2/src/build/cpp_package': CMAKE_PREFIX_PATH=${CMAKE_PREFIX_PATH}:/opt/ros/foxy /usr/bin/cmake --build /workspaces/ROS2/src/build/cpp_package -- -j4 -l4
[1.302s] Invoked command in '/workspaces/ROS2/src/build/cpp_package' returned '0': CMAKE_PREFIX_PATH=${CMAKE_PREFIX_PATH}:/opt/ros/foxy /usr/bin/cmake --build /workspaces/ROS2/src/build/cpp_package -- -j4 -l4
[1.334s] Invoking command in '/workspaces/ROS2/src/build/cpp_package': CMAKE_PREFIX_PATH=${CMAKE_PREFIX_PATH}:/opt/ros/foxy /usr/bin/cmake --install /workspaces/ROS2/src/build/cpp_package
[1.343s] -- Install configuration: ""
[1.343s] -- Installing: /workspaces/ROS2/src/install/share/ament_index/resource_index/package_run_dependencies/cpp_package
[1.343s] -- Installing: /workspaces/ROS2/src/install/share/ament_index/resource_index/parent_prefix_path/cpp_package
[1.343s] -- Installing: /workspaces/ROS2/src/install/share/cpp_package/environment/ament_prefix_path.sh
[1.343s] -- Installing: /workspaces/ROS2/src/install/share/cpp_package/environment/ament_prefix_path.dsv
[1.344s] -- Installing: /workspaces/ROS2/src/install/share/cpp_package/environment/path.sh
[1.344s] -- Installing: /workspaces/ROS2/src/install/share/cpp_package/environment/path.dsv
[1.344s] -- Installing: /workspaces/ROS2/src/install/share/cpp_package/local_setup.bash
[1.344s] -- Installing: /workspaces/ROS2/src/install/share/cpp_package/local_setup.sh
[1.344s] -- Installing: /workspaces/ROS2/src/install/share/cpp_package/local_setup.zsh
[1.345s] -- Installing: /workspaces/ROS2/src/install/share/cpp_package/local_setup.dsv
[1.345s] -- Installing: /workspaces/ROS2/src/install/share/cpp_package/package.dsv
[1.345s] -- Installing: /workspaces/ROS2/src/install/share/ament_index/resource_index/packages/cpp_package
[1.345s] -- Installing: /workspaces/ROS2/src/install/share/cpp_package/cmake/cpp_packageConfig.cmake
[1.345s] -- Installing: /workspaces/ROS2/src/install/share/cpp_package/cmake/cpp_packageConfig-version.cmake
[1.345s] -- Installing: /workspaces/ROS2/src/install/share/cpp_package/package.xml
[1.349s] Invoked command in '/workspaces/ROS2/src/build/cpp_package' returned '0': CMAKE_PREFIX_PATH=${CMAKE_PREFIX_PATH}:/opt/ros/foxy /usr/bin/cmake --install /workspaces/ROS2/src/build/cpp_package
