[0.254s] DEBUG:colcon:Command line arguments: ['/usr/bin/colcon', 'build', '--merge-install']
[0.254s] DEBUG:colcon:Parsed command line arguments: Namespace(ament_cmake_args=None, base_paths=['.'], build_base='build', catkin_cmake_args=None, catkin_skip_building_tests=False, cmake_args=None, cmake_clean_cache=False, cmake_clean_first=False, cmake_force_configure=False, cmake_target=None, cmake_target_skip_unavailable=False, continue_on_error=False, event_handlers=None, executor='parallel', ignore_user_meta=False, install_base='install', log_base=None, log_level=None, main=<bound method BuildVerb.main of <colcon_core.verb.build.BuildVerb object at 0x7f9e16fb88b0>>, merge_install=True, metas=['./colcon.meta'], packages_above=None, packages_above_and_dependencies=None, packages_above_depth=None, packages_end=None, packages_ignore=None, packages_ignore_regex=None, packages_select=None, packages_select_build_failed=False, packages_select_by_dep=None, packages_select_regex=None, packages_select_test_failures=False, packages_skip=None, packages_skip_build_finished=False, packages_skip_by_dep=None, packages_skip_regex=None, packages_skip_test_passed=False, packages_skip_up_to=None, packages_start=None, packages_up_to=None, packages_up_to_regex=None, parallel_workers=4, paths=None, symlink_install=False, test_result_base=None, verb_extension=<colcon_core.verb.build.BuildVerb object at 0x7f9e16fb88b0>, verb_name='build', verb_parser=<colcon_defaults.argument_parser.defaults.DefaultArgumentsDecorator object at 0x7f9e16fb8e20>)
[0.259s] Level 1:colcon.colcon_core.package_discovery:discover_packages(colcon_meta) check parameters
[0.259s] Level 1:colcon.colcon_core.package_discovery:discover_packages(recursive) check parameters
[0.259s] Level 1:colcon.colcon_core.package_discovery:discover_packages(ignore) check parameters
[0.260s] Level 1:colcon.colcon_core.package_discovery:discover_packages(path) check parameters
[0.260s] Level 1:colcon.colcon_core.package_discovery:discover_packages(colcon_meta) discover
[0.260s] Level 1:colcon.colcon_core.package_discovery:discover_packages(recursive) discover
[0.260s] INFO:colcon.colcon_core.package_discovery:Crawling recursively for packages in '/workspaces/ROS2/src'
[0.260s] Level 1:colcon.colcon_core.package_identification:_identify(.) by extensions ['ignore', 'ignore_ament_install']
[0.260s] Level 1:colcon.colcon_core.package_identification:_identify(.) by extension 'ignore'
[0.260s] Level 1:colcon.colcon_core.package_identification:_identify(.) by extension 'ignore_ament_install'
[0.260s] Level 1:colcon.colcon_core.package_identification:_identify(.) by extensions ['colcon_pkg']
[0.260s] Level 1:colcon.colcon_core.package_identification:_identify(.) by extension 'colcon_pkg'
[0.260s] Level 1:colcon.colcon_core.package_identification:_identify(.) by extensions ['colcon_meta']
[0.260s] Level 1:colcon.colcon_core.package_identification:_identify(.) by extension 'colcon_meta'
[0.260s] Level 1:colcon.colcon_core.package_identification:_identify(.) by extensions ['ros']
[0.260s] Level 1:colcon.colcon_core.package_identification:_identify(.) by extension 'ros'
[0.270s] Level 1:colcon.colcon_core.package_identification:_identify(.) by extensions ['cmake', 'python']
[0.270s] Level 1:colcon.colcon_core.package_identification:_identify(.) by extension 'cmake'
[0.270s] Level 1:colcon.colcon_core.package_identification:_identify(.) by extension 'python'
[0.270s] Level 1:colcon.colcon_core.package_identification:_identify(.) by extensions ['python_setup_py']
[0.270s] Level 1:colcon.colcon_core.package_identification:_identify(.) by extension 'python_setup_py'
[0.270s] Level 1:colcon.colcon_core.package_identification:_identify(build) by extensions ['ignore', 'ignore_ament_install']
[0.270s] Level 1:colcon.colcon_core.package_identification:_identify(build) by extension 'ignore'
[0.270s] Level 1:colcon.colcon_core.package_identification:_identify(build) ignored
[0.270s] Level 1:colcon.colcon_core.package_identification:_identify(example) by extensions ['ignore', 'ignore_ament_install']
[0.270s] Level 1:colcon.colcon_core.package_identification:_identify(example) by extension 'ignore'
[0.270s] Level 1:colcon.colcon_core.package_identification:_identify(example) by extension 'ignore_ament_install'
[0.270s] Level 1:colcon.colcon_core.package_identification:_identify(example) by extensions ['colcon_pkg']
[0.270s] Level 1:colcon.colcon_core.package_identification:_identify(example) by extension 'colcon_pkg'
[0.270s] Level 1:colcon.colcon_core.package_identification:_identify(example) by extensions ['colcon_meta']
[0.271s] Level 1:colcon.colcon_core.package_identification:_identify(example) by extension 'colcon_meta'
[0.271s] Level 1:colcon.colcon_core.package_identification:_identify(example) by extensions ['ros']
[0.271s] Level 1:colcon.colcon_core.package_identification:_identify(example) by extension 'ros'
[0.274s] DEBUG:colcon.colcon_core.package_identification:Package 'example' with type 'ros.ament_cmake' and name 'example'
[0.274s] Level 1:colcon.colcon_core.package_identification:_identify(install) by extensions ['ignore', 'ignore_ament_install']
[0.274s] Level 1:colcon.colcon_core.package_identification:_identify(install) by extension 'ignore'
[0.274s] Level 1:colcon.colcon_core.package_identification:_identify(install) ignored
[0.274s] Level 1:colcon.colcon_core.package_identification:_identify(log) by extensions ['ignore', 'ignore_ament_install']
[0.274s] Level 1:colcon.colcon_core.package_identification:_identify(log) by extension 'ignore'
[0.274s] Level 1:colcon.colcon_core.package_identification:_identify(log) ignored
[0.274s] Level 1:colcon.colcon_core.package_identification:_identify(new_package) by extensions ['ignore', 'ignore_ament_install']
[0.274s] Level 1:colcon.colcon_core.package_identification:_identify(new_package) by extension 'ignore'
[0.274s] Level 1:colcon.colcon_core.package_identification:_identify(new_package) by extension 'ignore_ament_install'
[0.274s] Level 1:colcon.colcon_core.package_identification:_identify(new_package) by extensions ['colcon_pkg']
[0.275s] Level 1:colcon.colcon_core.package_identification:_identify(new_package) by extension 'colcon_pkg'
[0.275s] Level 1:colcon.colcon_core.package_identification:_identify(new_package) by extensions ['colcon_meta']
[0.275s] Level 1:colcon.colcon_core.package_identification:_identify(new_package) by extension 'colcon_meta'
[0.275s] Level 1:colcon.colcon_core.package_identification:_identify(new_package) by extensions ['ros']
[0.275s] Level 1:colcon.colcon_core.package_identification:_identify(new_package) by extension 'ros'
[0.275s] DEBUG:colcon.colcon_core.package_identification:Package 'new_package' with type 'ros.ament_cmake' and name 'new_package'
[0.275s] Level 1:colcon.colcon_core.package_discovery:discover_packages(recursive) using defaults
[0.275s] Level 1:colcon.colcon_core.package_discovery:discover_packages(ignore) discover
[0.275s] Level 1:colcon.colcon_core.package_discovery:discover_packages(ignore) using defaults
[0.275s] Level 1:colcon.colcon_core.package_discovery:discover_packages(path) discover
[0.275s] Level 1:colcon.colcon_core.package_discovery:discover_packages(path) using defaults
[0.292s] Level 5:colcon.colcon_core.verb:set package 'example' build argument 'cmake_args' from command line to 'None'
[0.292s] Level 5:colcon.colcon_core.verb:set package 'example' build argument 'cmake_target' from command line to 'None'
[0.292s] Level 5:colcon.colcon_core.verb:set package 'example' build argument 'cmake_target_skip_unavailable' from command line to 'False'
[0.292s] Level 5:colcon.colcon_core.verb:set package 'example' build argument 'cmake_clean_cache' from command line to 'False'
[0.292s] Level 5:colcon.colcon_core.verb:set package 'example' build argument 'cmake_clean_first' from command line to 'False'
[0.292s] Level 5:colcon.colcon_core.verb:set package 'example' build argument 'cmake_force_configure' from command line to 'False'
[0.292s] Level 5:colcon.colcon_core.verb:set package 'example' build argument 'ament_cmake_args' from command line to 'None'
[0.292s] Level 5:colcon.colcon_core.verb:set package 'example' build argument 'catkin_cmake_args' from command line to 'None'
[0.293s] Level 5:colcon.colcon_core.verb:set package 'example' build argument 'catkin_skip_building_tests' from command line to 'False'
[0.293s] DEBUG:colcon.colcon_core.verb:Building package 'example' with the following arguments: {'ament_cmake_args': None, 'build_base': '/workspaces/ROS2/src/build/example', 'catkin_cmake_args': None, 'catkin_skip_building_tests': False, 'cmake_args': None, 'cmake_clean_cache': False, 'cmake_clean_first': False, 'cmake_force_configure': False, 'cmake_target': None, 'cmake_target_skip_unavailable': False, 'install_base': '/workspaces/ROS2/src/install', 'merge_install': True, 'path': '/workspaces/ROS2/src/example', 'symlink_install': False, 'test_result_base': None}
[0.295s] Level 5:colcon.colcon_core.verb:set package 'new_package' build argument 'cmake_args' from command line to 'None'
[0.295s] Level 5:colcon.colcon_core.verb:set package 'new_package' build argument 'cmake_target' from command line to 'None'
[0.295s] Level 5:colcon.colcon_core.verb:set package 'new_package' build argument 'cmake_target_skip_unavailable' from command line to 'False'
[0.295s] Level 5:colcon.colcon_core.verb:set package 'new_package' build argument 'cmake_clean_cache' from command line to 'False'
[0.295s] Level 5:colcon.colcon_core.verb:set package 'new_package' build argument 'cmake_clean_first' from command line to 'False'
[0.295s] Level 5:colcon.colcon_core.verb:set package 'new_package' build argument 'cmake_force_configure' from command line to 'False'
[0.295s] Level 5:colcon.colcon_core.verb:set package 'new_package' build argument 'ament_cmake_args' from command line to 'None'
[0.295s] Level 5:colcon.colcon_core.verb:set package 'new_package' build argument 'catkin_cmake_args' from command line to 'None'
[0.295s] Level 5:colcon.colcon_core.verb:set package 'new_package' build argument 'catkin_skip_building_tests' from command line to 'False'
[0.295s] DEBUG:colcon.colcon_core.verb:Building package 'new_package' with the following arguments: {'ament_cmake_args': None, 'build_base': '/workspaces/ROS2/src/build/new_package', 'catkin_cmake_args': None, 'catkin_skip_building_tests': False, 'cmake_args': None, 'cmake_clean_cache': False, 'cmake_clean_first': False, 'cmake_force_configure': False, 'cmake_target': None, 'cmake_target_skip_unavailable': False, 'install_base': '/workspaces/ROS2/src/install', 'merge_install': True, 'path': '/workspaces/ROS2/src/new_package', 'symlink_install': False, 'test_result_base': None}
[0.295s] INFO:colcon.colcon_core.executor:Executing jobs using 'parallel' executor
[0.297s] DEBUG:colcon.colcon_parallel_executor.executor.parallel:run_until_complete
[0.297s] INFO:colcon.colcon_ros.task.ament_cmake.build:Building ROS package in '/workspaces/ROS2/src/example' with build type 'ament_cmake'
[0.297s] INFO:colcon.colcon_cmake.task.cmake.build:Building CMake package in '/workspaces/ROS2/src/example'
[0.301s] INFO:colcon.colcon_core.plugin_system:Skipping extension 'colcon_core.shell.bat': Not used on non-Windows systems
[0.301s] INFO:colcon.colcon_core.shell:Skip shell extension 'powershell' for command environment: Not usable outside of PowerShell
[0.301s] DEBUG:colcon.colcon_core.shell:Skip shell extension 'dsv' for command environment
[0.303s] WARNING:colcon.colcon_core.prefix_path.colcon:The path '/workspaces/ROS2/install' in the environment variable COLCON_PREFIX_PATH doesn't exist
[0.303s] WARNING:colcon.colcon_ros.prefix_path.ament:The path '/workspaces/ROS2/install/new_package' in the environment variable AMENT_PREFIX_PATH doesn't exist
[0.303s] WARNING:colcon.colcon_ros.prefix_path.ament:The path '/workspaces/ROS2/install/example' in the environment variable AMENT_PREFIX_PATH doesn't exist
[0.303s] WARNING:colcon.colcon_ros.prefix_path.catkin:The path '/workspaces/ROS2/install/new_package' in the environment variable CMAKE_PREFIX_PATH doesn't exist
[0.303s] WARNING:colcon.colcon_ros.prefix_path.catkin:The path '/workspaces/ROS2/install/example' in the environment variable CMAKE_PREFIX_PATH doesn't exist
[0.303s] DEBUG:colcon.colcon_core.shell:Ignoring prefix path '/opt/ros/foxy'
[0.306s] INFO:colcon.colcon_ros.task.ament_cmake.build:Building ROS package in '/workspaces/ROS2/src/new_package' with build type 'ament_cmake'
[0.306s] INFO:colcon.colcon_cmake.task.cmake.build:Building CMake package in '/workspaces/ROS2/src/new_package'
[0.307s] INFO:colcon.colcon_core.shell:Skip shell extension 'powershell' for command environment: Not usable outside of PowerShell
[0.307s] DEBUG:colcon.colcon_core.shell:Skip shell extension 'dsv' for command environment
[0.309s] DEBUG:colcon.colcon_core.shell:Ignoring prefix path '/opt/ros/foxy'
[0.318s] DEBUG:colcon.colcon_core.event_handler.log_command:Invoking command in '/workspaces/ROS2/src/build/example': CMAKE_PREFIX_PATH=${CMAKE_PREFIX_PATH}:/opt/ros/foxy /usr/bin/cmake /workspaces/ROS2/src/example -DCMAKE_INSTALL_PREFIX=/workspaces/ROS2/src/install
[0.324s] DEBUG:colcon.colcon_core.event_handler.log_command:Invoking command in '/workspaces/ROS2/src/build/new_package': CMAKE_PREFIX_PATH=${CMAKE_PREFIX_PATH}:/opt/ros/foxy /usr/bin/cmake /workspaces/ROS2/src/new_package -DCMAKE_INSTALL_PREFIX=/workspaces/ROS2/src/install
[1.151s] DEBUG:colcon.colcon_core.event_handler.log_command:Invoked command in '/workspaces/ROS2/src/build/example' returned '0': CMAKE_PREFIX_PATH=${CMAKE_PREFIX_PATH}:/opt/ros/foxy /usr/bin/cmake /workspaces/ROS2/src/example -DCMAKE_INSTALL_PREFIX=/workspaces/ROS2/src/install
[1.152s] DEBUG:colcon.colcon_core.event_handler.log_command:Invoking command in '/workspaces/ROS2/src/build/example': CMAKE_PREFIX_PATH=${CMAKE_PREFIX_PATH}:/opt/ros/foxy /usr/bin/cmake --build /workspaces/ROS2/src/build/example -- -j4 -l4
[1.155s] DEBUG:colcon.colcon_core.event_handler.log_command:Invoked command in '/workspaces/ROS2/src/build/new_package' returned '0': CMAKE_PREFIX_PATH=${CMAKE_PREFIX_PATH}:/opt/ros/foxy /usr/bin/cmake /workspaces/ROS2/src/new_package -DCMAKE_INSTALL_PREFIX=/workspaces/ROS2/src/install
[1.158s] DEBUG:colcon.colcon_core.event_handler.log_command:Invoking command in '/workspaces/ROS2/src/build/new_package': CMAKE_PREFIX_PATH=${CMAKE_PREFIX_PATH}:/opt/ros/foxy /usr/bin/cmake --build /workspaces/ROS2/src/build/new_package -- -j4 -l4
[1.296s] DEBUG:colcon.colcon_core.event_handler.log_command:Invoked command in '/workspaces/ROS2/src/build/example' returned '0': CMAKE_PREFIX_PATH=${CMAKE_PREFIX_PATH}:/opt/ros/foxy /usr/bin/cmake --build /workspaces/ROS2/src/build/example -- -j4 -l4
[1.311s] DEBUG:colcon.colcon_core.event_handler.log_command:Invoked command in '/workspaces/ROS2/src/build/new_package' returned '0': CMAKE_PREFIX_PATH=${CMAKE_PREFIX_PATH}:/opt/ros/foxy /usr/bin/cmake --build /workspaces/ROS2/src/build/new_package -- -j4 -l4
[1.331s] DEBUG:colcon.colcon_core.event_handler.log_command:Invoking command in '/workspaces/ROS2/src/build/example': CMAKE_PREFIX_PATH=${CMAKE_PREFIX_PATH}:/opt/ros/foxy /usr/bin/cmake --install /workspaces/ROS2/src/build/example
[1.341s] DEBUG:colcon.colcon_core.event_handler.log_command:Invoking command in '/workspaces/ROS2/src/build/new_package': CMAKE_PREFIX_PATH=${CMAKE_PREFIX_PATH}:/opt/ros/foxy /usr/bin/cmake --install /workspaces/ROS2/src/build/new_package
[1.345s] Level 1:colcon.colcon_core.environment:create_environment_scripts_only(example)
[1.346s] DEBUG:colcon.colcon_core.event_handler.log_command:Invoked command in '/workspaces/ROS2/src/build/example' returned '0': CMAKE_PREFIX_PATH=${CMAKE_PREFIX_PATH}:/opt/ros/foxy /usr/bin/cmake --install /workspaces/ROS2/src/build/example
[1.349s] Level 1:colcon.colcon_core.environment:checking '/workspaces/ROS2/src/install' for CMake module files
[1.350s] Level 1:colcon.colcon_core.environment:checking '/workspaces/ROS2/src/install' for CMake config files
[1.350s] Level 1:colcon.colcon_core.shell:create_environment_hook('example', 'cmake_prefix_path')
[1.350s] INFO:colcon.colcon_core.shell:Creating environment hook '/workspaces/ROS2/src/install/share/example/hook/cmake_prefix_path.ps1'
[1.352s] INFO:colcon.colcon_core.shell:Creating environment descriptor '/workspaces/ROS2/src/install/share/example/hook/cmake_prefix_path.dsv'
[1.353s] INFO:colcon.colcon_core.shell:Creating environment hook '/workspaces/ROS2/src/install/share/example/hook/cmake_prefix_path.sh'
[1.354s] Level 1:colcon.colcon_core.environment:checking '/workspaces/ROS2/src/install/lib'
[1.354s] Level 1:colcon.colcon_core.environment:checking '/workspaces/ROS2/src/install/bin'
[1.354s] Level 1:colcon.colcon_core.environment:checking '/workspaces/ROS2/src/install/lib/pkgconfig/example.pc'
[1.355s] Level 1:colcon.colcon_core.environment:checking '/workspaces/ROS2/src/install/lib/python3.8/site-packages'
[1.355s] Level 1:colcon.colcon_core.shell:create_environment_hook('example', 'pythonpath')
[1.355s] INFO:colcon.colcon_core.shell:Creating environment hook '/workspaces/ROS2/src/install/share/example/hook/pythonpath.ps1'
[1.355s] INFO:colcon.colcon_core.shell:Creating environment descriptor '/workspaces/ROS2/src/install/share/example/hook/pythonpath.dsv'
[1.356s] INFO:colcon.colcon_core.shell:Creating environment hook '/workspaces/ROS2/src/install/share/example/hook/pythonpath.sh'
[1.357s] INFO:colcon.colcon_core.shell:Creating package script '/workspaces/ROS2/src/install/share/example/package.ps1'
[1.358s] INFO:colcon.colcon_core.shell:Creating package descriptor '/workspaces/ROS2/src/install/share/example/package.dsv'
[1.358s] INFO:colcon.colcon_core.shell:Creating package script '/workspaces/ROS2/src/install/share/example/package.sh'
[1.359s] INFO:colcon.colcon_core.shell:Creating package script '/workspaces/ROS2/src/install/share/example/package.bash'
[1.359s] INFO:colcon.colcon_core.shell:Creating package script '/workspaces/ROS2/src/install/share/example/package.zsh'
[1.360s] Level 1:colcon.colcon_core.environment:create_file_with_runtime_dependencies(/workspaces/ROS2/src/install/share/colcon-core/packages/example)
[1.364s] Level 1:colcon.colcon_core.environment:create_environment_scripts_only(new_package)
[1.365s] Level 1:colcon.colcon_core.environment:checking '/workspaces/ROS2/src/install' for CMake module files
[1.366s] DEBUG:colcon.colcon_core.event_handler.log_command:Invoked command in '/workspaces/ROS2/src/build/new_package' returned '0': CMAKE_PREFIX_PATH=${CMAKE_PREFIX_PATH}:/opt/ros/foxy /usr/bin/cmake --install /workspaces/ROS2/src/build/new_package
[1.366s] Level 1:colcon.colcon_core.environment:checking '/workspaces/ROS2/src/install' for CMake config files
[1.366s] Level 1:colcon.colcon_core.shell:create_environment_hook('new_package', 'cmake_prefix_path')
[1.367s] INFO:colcon.colcon_core.shell:Creating environment hook '/workspaces/ROS2/src/install/share/new_package/hook/cmake_prefix_path.ps1'
[1.367s] INFO:colcon.colcon_core.shell:Creating environment descriptor '/workspaces/ROS2/src/install/share/new_package/hook/cmake_prefix_path.dsv'
[1.368s] INFO:colcon.colcon_core.shell:Creating environment hook '/workspaces/ROS2/src/install/share/new_package/hook/cmake_prefix_path.sh'
[1.368s] Level 1:colcon.colcon_core.environment:checking '/workspaces/ROS2/src/install/lib'
[1.368s] Level 1:colcon.colcon_core.environment:checking '/workspaces/ROS2/src/install/bin'
[1.368s] Level 1:colcon.colcon_core.environment:checking '/workspaces/ROS2/src/install/lib/pkgconfig/new_package.pc'
[1.368s] Level 1:colcon.colcon_core.environment:checking '/workspaces/ROS2/src/install/lib/python3.8/site-packages'
[1.368s] Level 1:colcon.colcon_core.shell:create_environment_hook('new_package', 'pythonpath')
[1.369s] INFO:colcon.colcon_core.shell:Creating environment hook '/workspaces/ROS2/src/install/share/new_package/hook/pythonpath.ps1'
[1.369s] INFO:colcon.colcon_core.shell:Creating environment descriptor '/workspaces/ROS2/src/install/share/new_package/hook/pythonpath.dsv'
[1.370s] INFO:colcon.colcon_core.shell:Creating environment hook '/workspaces/ROS2/src/install/share/new_package/hook/pythonpath.sh'
[1.370s] INFO:colcon.colcon_core.shell:Creating package script '/workspaces/ROS2/src/install/share/new_package/package.ps1'
[1.371s] INFO:colcon.colcon_core.shell:Creating package descriptor '/workspaces/ROS2/src/install/share/new_package/package.dsv'
[1.371s] INFO:colcon.colcon_core.shell:Creating package script '/workspaces/ROS2/src/install/share/new_package/package.sh'
[1.372s] INFO:colcon.colcon_core.shell:Creating package script '/workspaces/ROS2/src/install/share/new_package/package.bash'
[1.372s] INFO:colcon.colcon_core.shell:Creating package script '/workspaces/ROS2/src/install/share/new_package/package.zsh'
[1.372s] Level 1:colcon.colcon_core.environment:create_file_with_runtime_dependencies(/workspaces/ROS2/src/install/share/colcon-core/packages/new_package)
[1.383s] Level 1:colcon.colcon_core.environment:create_environment_scripts_only(example)
[1.384s] Level 1:colcon.colcon_core.environment:checking '/workspaces/ROS2/src/install' for CMake module files
[1.384s] Level 1:colcon.colcon_core.environment:checking '/workspaces/ROS2/src/install' for CMake config files
[1.384s] Level 1:colcon.colcon_core.shell:create_environment_hook('example', 'cmake_prefix_path')
[1.385s] INFO:colcon.colcon_core.shell:Creating environment hook '/workspaces/ROS2/src/install/share/example/hook/cmake_prefix_path.ps1'
[1.385s] INFO:colcon.colcon_core.shell:Creating environment descriptor '/workspaces/ROS2/src/install/share/example/hook/cmake_prefix_path.dsv'
[1.386s] INFO:colcon.colcon_core.shell:Creating environment hook '/workspaces/ROS2/src/install/share/example/hook/cmake_prefix_path.sh'
[1.386s] Level 1:colcon.colcon_core.environment:checking '/workspaces/ROS2/src/install/lib'
[1.386s] Level 1:colcon.colcon_core.environment:checking '/workspaces/ROS2/src/install/bin'
[1.386s] Level 1:colcon.colcon_core.environment:checking '/workspaces/ROS2/src/install/lib/pkgconfig/example.pc'
[1.387s] Level 1:colcon.colcon_core.environment:checking '/workspaces/ROS2/src/install/lib/python3.8/site-packages'
[1.387s] Level 1:colcon.colcon_core.shell:create_environment_hook('example', 'pythonpath')
[1.387s] INFO:colcon.colcon_core.shell:Creating environment hook '/workspaces/ROS2/src/install/share/example/hook/pythonpath.ps1'
[1.388s] INFO:colcon.colcon_core.shell:Creating environment descriptor '/workspaces/ROS2/src/install/share/example/hook/pythonpath.dsv'
[1.388s] INFO:colcon.colcon_core.shell:Creating environment hook '/workspaces/ROS2/src/install/share/example/hook/pythonpath.sh'
[1.389s] INFO:colcon.colcon_core.shell:Creating package script '/workspaces/ROS2/src/install/share/example/package.ps1'
[1.390s] INFO:colcon.colcon_core.shell:Creating package descriptor '/workspaces/ROS2/src/install/share/example/package.dsv'
[1.391s] INFO:colcon.colcon_core.shell:Creating package script '/workspaces/ROS2/src/install/share/example/package.sh'
[1.391s] INFO:colcon.colcon_core.shell:Creating package script '/workspaces/ROS2/src/install/share/example/package.bash'
[1.392s] INFO:colcon.colcon_core.shell:Creating package script '/workspaces/ROS2/src/install/share/example/package.zsh'
[1.392s] Level 1:colcon.colcon_core.environment:create_file_with_runtime_dependencies(/workspaces/ROS2/src/install/share/colcon-core/packages/example)
[1.394s] Level 1:colcon.colcon_core.environment:create_environment_scripts_only(new_package)
[1.395s] Level 1:colcon.colcon_core.environment:checking '/workspaces/ROS2/src/install' for CMake module files
[1.395s] Level 1:colcon.colcon_core.environment:checking '/workspaces/ROS2/src/install' for CMake config files
[1.395s] Level 1:colcon.colcon_core.shell:create_environment_hook('new_package', 'cmake_prefix_path')
[1.396s] INFO:colcon.colcon_core.shell:Creating environment hook '/workspaces/ROS2/src/install/share/new_package/hook/cmake_prefix_path.ps1'
[1.396s] INFO:colcon.colcon_core.shell:Creating environment descriptor '/workspaces/ROS2/src/install/share/new_package/hook/cmake_prefix_path.dsv'
[1.397s] INFO:colcon.colcon_core.shell:Creating environment hook '/workspaces/ROS2/src/install/share/new_package/hook/cmake_prefix_path.sh'
[1.397s] Level 1:colcon.colcon_core.environment:checking '/workspaces/ROS2/src/install/lib'
[1.397s] Level 1:colcon.colcon_core.environment:checking '/workspaces/ROS2/src/install/bin'
[1.397s] Level 1:colcon.colcon_core.environment:checking '/workspaces/ROS2/src/install/lib/pkgconfig/new_package.pc'
[1.397s] Level 1:colcon.colcon_core.environment:checking '/workspaces/ROS2/src/install/lib/python3.8/site-packages'
[1.397s] Level 1:colcon.colcon_core.shell:create_environment_hook('new_package', 'pythonpath')
[1.398s] INFO:colcon.colcon_core.shell:Creating environment hook '/workspaces/ROS2/src/install/share/new_package/hook/pythonpath.ps1'
[1.398s] INFO:colcon.colcon_core.shell:Creating environment descriptor '/workspaces/ROS2/src/install/share/new_package/hook/pythonpath.dsv'
[1.399s] INFO:colcon.colcon_core.shell:Creating environment hook '/workspaces/ROS2/src/install/share/new_package/hook/pythonpath.sh'
[1.400s] INFO:colcon.colcon_core.shell:Creating package script '/workspaces/ROS2/src/install/share/new_package/package.ps1'
[1.400s] INFO:colcon.colcon_core.shell:Creating package descriptor '/workspaces/ROS2/src/install/share/new_package/package.dsv'
[1.401s] INFO:colcon.colcon_core.shell:Creating package script '/workspaces/ROS2/src/install/share/new_package/package.sh'
[1.401s] INFO:colcon.colcon_core.shell:Creating package script '/workspaces/ROS2/src/install/share/new_package/package.bash'
[1.401s] INFO:colcon.colcon_core.shell:Creating package script '/workspaces/ROS2/src/install/share/new_package/package.zsh'
[1.402s] Level 1:colcon.colcon_core.environment:create_file_with_runtime_dependencies(/workspaces/ROS2/src/install/share/colcon-core/packages/new_package)
[1.402s] DEBUG:colcon.colcon_parallel_executor.executor.parallel:closing loop
[1.402s] DEBUG:colcon.colcon_parallel_executor.executor.parallel:loop closed
[1.402s] DEBUG:colcon.colcon_parallel_executor.executor.parallel:run_until_complete finished with '0'
[1.402s] DEBUG:colcon.colcon_core.event_reactor:joining thread
[1.409s] INFO:colcon.colcon_core.plugin_system:Skipping extension 'colcon_notification.desktop_notification.notify_send': Could not find 'notify-send'
[1.409s] INFO:colcon.colcon_core.plugin_system:Skipping extension 'colcon_notification.desktop_notification.terminal_notifier': Not used on non-Darwin systems
[1.409s] INFO:colcon.colcon_core.plugin_system:Skipping extension 'colcon_notification.desktop_notification.win32': Not used on non-Windows systems
[1.409s] INFO:colcon.colcon_notification.desktop_notification:Sending desktop notification using 'notify2'
[1.412s] DEBUG:colcon.colcon_notification.desktop_notification.notify2:Failed to initialize notify2: org.freedesktop.DBus.Error.Spawn.ExecFailed: /usr/bin/dbus-launch terminated abnormally without any error message
[1.413s] DEBUG:colcon.colcon_core.event_reactor:joined thread
[1.414s] INFO:colcon.colcon_core.shell:Creating prefix script '/workspaces/ROS2/src/install/local_setup.ps1'
[1.415s] INFO:colcon.colcon_core.shell:Creating prefix util module '/workspaces/ROS2/src/install/_local_setup_util_ps1.py'
[1.416s] INFO:colcon.colcon_core.shell:Creating prefix chain script '/workspaces/ROS2/src/install/setup.ps1'
[1.418s] INFO:colcon.colcon_core.shell:Creating prefix script '/workspaces/ROS2/src/install/local_setup.sh'
[1.419s] INFO:colcon.colcon_core.shell:Creating prefix util module '/workspaces/ROS2/src/install/_local_setup_util_sh.py'
[1.419s] INFO:colcon.colcon_core.shell:Creating prefix chain script '/workspaces/ROS2/src/install/setup.sh'
[1.421s] INFO:colcon.colcon_core.shell:Creating prefix script '/workspaces/ROS2/src/install/local_setup.bash'
[1.422s] INFO:colcon.colcon_core.shell:Creating prefix chain script '/workspaces/ROS2/src/install/setup.bash'
[1.424s] INFO:colcon.colcon_core.shell:Creating prefix script '/workspaces/ROS2/src/install/local_setup.zsh'
[1.424s] INFO:colcon.colcon_core.shell:Creating prefix chain script '/workspaces/ROS2/src/install/setup.zsh'
