-- The C compiler identification is GNU 9.3.0
-- The CXX compiler identification is GNU 9.3.0
-- Check for working C compiler: /usr/bin/cc
-- Check for working C compiler: /usr/bin/cc -- works
-- Detecting C compiler ABI info
-- Detecting C compiler ABI info - done
-- Detecting C compile features
-- Detecting C compile features - done
-- Check for working CXX compiler: /usr/bin/c++
-- Check for working CXX compiler: /usr/bin/c++ -- works
-- Detecting CXX compiler ABI info
-- Detecting CXX compiler ABI info - done
-- Detecting CXX compile features
-- Detecting CXX compile features - done
-- Found ament_cmake: 0.9.9 (/opt/ros/foxy/share/ament_cmake/cmake)
-- Found PythonInterp: /usr/bin/python3 (found suitable version "3.8.10", minimum required is "3") 
-- Using PYTHON_EXECUTABLE: /usr/bin/python3
-- Found ament_lint_auto: 0.9.6 (/opt/ros/foxy/share/ament_lint_auto/cmake)
-- Added test 'cppcheck' to perform static code analysis on C / C++ code
-- Configured cppcheck include dirs: $<BUILD_INTERFACE:/workspaces/ROS2/src/new_package/include>
-- Configured cppcheck exclude dirs and/or files: 
-- Added test 'cpplint' to check C / C++ code against the Google style
-- Configured cpplint exclude dirs and/or files: 
-- Added test 'lint_cmake' to check CMake code style
-- Added test 'xmllint' to check XML markup files
-- Configuring done
-- Generating done
-- Build files have been written to: /workspaces/ROS2/src/build/new_package
[35m[1mScanning dependencies of target new_node[0m
[ 50%] [32mBuilding CXX object CMakeFiles/new_node.dir/src/new_node.cpp.o[0m
[100%] [32m[1mLinking CXX executable new_node[0m
[100%] Built target new_node
-- Install configuration: ""
-- Installing: /workspaces/ROS2/src/install/lib/new_package/new_node
-- Installing: /workspaces/ROS2/src/install/share/ament_index/resource_index/package_run_dependencies/new_package
-- Installing: /workspaces/ROS2/src/install/share/ament_index/resource_index/parent_prefix_path/new_package
-- Installing: /workspaces/ROS2/src/install/share/new_package/environment/ament_prefix_path.sh
-- Installing: /workspaces/ROS2/src/install/share/new_package/environment/ament_prefix_path.dsv
-- Installing: /workspaces/ROS2/src/install/share/new_package/environment/path.sh
-- Installing: /workspaces/ROS2/src/install/share/new_package/environment/path.dsv
-- Installing: /workspaces/ROS2/src/install/share/new_package/local_setup.bash
-- Installing: /workspaces/ROS2/src/install/share/new_package/local_setup.sh
-- Installing: /workspaces/ROS2/src/install/share/new_package/local_setup.zsh
-- Installing: /workspaces/ROS2/src/install/share/new_package/local_setup.dsv
-- Installing: /workspaces/ROS2/src/install/share/new_package/package.dsv
-- Installing: /workspaces/ROS2/src/install/share/ament_index/resource_index/packages/new_package
-- Installing: /workspaces/ROS2/src/install/share/new_package/cmake/new_packageConfig.cmake
-- Installing: /workspaces/ROS2/src/install/share/new_package/cmake/new_packageConfig-version.cmake
-- Installing: /workspaces/ROS2/src/install/share/new_package/package.xml
