[0.016s] Invoking command in '/workspaces/ROS2/src/build/new_package': CMAKE_PREFIX_PATH=${CMAKE_PREFIX_PATH}:/opt/ros/foxy /usr/bin/cmake /workspaces/ROS2/src/new_package -DCMAKE_INSTALL_PREFIX=/workspaces/ROS2/src/install
[0.100s] -- The C compiler identification is GNU 9.3.0
[0.158s] -- The CXX compiler identification is GNU 9.3.0
[0.163s] -- Check for working C compiler: /usr/bin/cc
[0.260s] -- Check for working C compiler: /usr/bin/cc -- works
[0.261s] -- Detecting C compiler ABI info
[0.354s] -- Detecting C compiler ABI info - done
[0.362s] -- Detecting C compile features
[0.363s] -- Detecting C compile features - done
[0.365s] -- Check for working CXX compiler: /usr/bin/c++
[0.443s] -- Check for working CXX compiler: /usr/bin/c++ -- works
[0.444s] -- Detecting CXX compiler ABI info
[0.520s] -- Detecting CXX compiler ABI info - done
[0.531s] -- Detecting CXX compile features
[0.531s] -- Detecting CXX compile features - done
[0.534s] -- Found ament_cmake: 0.9.9 (/opt/ros/foxy/share/ament_cmake/cmake)
[0.558s] -- Found PythonInterp: /usr/bin/python3 (found suitable version "3.8.10", minimum required is "3") 
[0.558s] -- Using PYTHON_EXECUTABLE: /usr/bin/python3
[0.755s] -- Found ament_lint_auto: 0.9.6 (/opt/ros/foxy/share/ament_lint_auto/cmake)
[0.829s] -- Added test 'cppcheck' to perform static code analysis on C / C++ code
[0.829s] -- Configured cppcheck include dirs: $<BUILD_INTERFACE:/workspaces/ROS2/src/new_package/include>
[0.829s] -- Configured cppcheck exclude dirs and/or files: 
[0.830s] -- Added test 'cpplint' to check C / C++ code against the Google style
[0.830s] -- Configured cpplint exclude dirs and/or files: 
[0.838s] -- Added test 'lint_cmake' to check CMake code style
[0.838s] -- Added test 'xmllint' to check XML markup files
[0.841s] -- Configuring done
[0.845s] -- Generating done
[0.845s] -- Build files have been written to: /workspaces/ROS2/src/build/new_package
[0.848s] Invoked command in '/workspaces/ROS2/src/build/new_package' returned '0': CMAKE_PREFIX_PATH=${CMAKE_PREFIX_PATH}:/opt/ros/foxy /usr/bin/cmake /workspaces/ROS2/src/new_package -DCMAKE_INSTALL_PREFIX=/workspaces/ROS2/src/install
[0.850s] Invoking command in '/workspaces/ROS2/src/build/new_package': CMAKE_PREFIX_PATH=${CMAKE_PREFIX_PATH}:/opt/ros/foxy /usr/bin/cmake --build /workspaces/ROS2/src/build/new_package -- -j4 -l4
[0.889s] [35m[1mScanning dependencies of target new_node[0m
[0.903s] [ 50%] [32mBuilding CXX object CMakeFiles/new_node.dir/src/new_node.cpp.o[0m
[0.948s] [100%] [32m[1mLinking CXX executable new_node[0m
[0.991s] [100%] Built target new_node
[1.003s] Invoked command in '/workspaces/ROS2/src/build/new_package' returned '0': CMAKE_PREFIX_PATH=${CMAKE_PREFIX_PATH}:/opt/ros/foxy /usr/bin/cmake --build /workspaces/ROS2/src/build/new_package -- -j4 -l4
[1.034s] Invoking command in '/workspaces/ROS2/src/build/new_package': CMAKE_PREFIX_PATH=${CMAKE_PREFIX_PATH}:/opt/ros/foxy /usr/bin/cmake --install /workspaces/ROS2/src/build/new_package
[1.044s] -- Install configuration: ""
[1.044s] -- Installing: /workspaces/ROS2/src/install/lib/new_package/new_node
[1.044s] -- Installing: /workspaces/ROS2/src/install/share/ament_index/resource_index/package_run_dependencies/new_package
[1.045s] -- Installing: /workspaces/ROS2/src/install/share/ament_index/resource_index/parent_prefix_path/new_package
[1.045s] -- Installing: /workspaces/ROS2/src/install/share/new_package/environment/ament_prefix_path.sh
[1.045s] -- Installing: /workspaces/ROS2/src/install/share/new_package/environment/ament_prefix_path.dsv
[1.045s] -- Installing: /workspaces/ROS2/src/install/share/new_package/environment/path.sh
[1.045s] -- Installing: /workspaces/ROS2/src/install/share/new_package/environment/path.dsv
[1.045s] -- Installing: /workspaces/ROS2/src/install/share/new_package/local_setup.bash
[1.045s] -- Installing: /workspaces/ROS2/src/install/share/new_package/local_setup.sh
[1.045s] -- Installing: /workspaces/ROS2/src/install/share/new_package/local_setup.zsh
[1.045s] -- Installing: /workspaces/ROS2/src/install/share/new_package/local_setup.dsv
[1.045s] -- Installing: /workspaces/ROS2/src/install/share/new_package/package.dsv
[1.045s] -- Installing: /workspaces/ROS2/src/install/share/ament_index/resource_index/packages/new_package
[1.046s] -- Installing: /workspaces/ROS2/src/install/share/new_package/cmake/new_packageConfig.cmake
[1.046s] -- Installing: /workspaces/ROS2/src/install/share/new_package/cmake/new_packageConfig-version.cmake
[1.046s] -- Installing: /workspaces/ROS2/src/install/share/new_package/package.xml
[1.058s] Invoked command in '/workspaces/ROS2/src/build/new_package' returned '0': CMAKE_PREFIX_PATH=${CMAKE_PREFIX_PATH}:/opt/ros/foxy /usr/bin/cmake --install /workspaces/ROS2/src/build/new_package
