running egg_info
creating ../build/python_package/python_package.egg-info
writing ../build/python_package/python_package.egg-info/PKG-INFO
writing dependency_links to ../build/python_package/python_package.egg-info/dependency_links.txt
writing entry points to ../build/python_package/python_package.egg-info/entry_points.txt
writing requirements to ../build/python_package/python_package.egg-info/requires.txt
writing top-level names to ../build/python_package/python_package.egg-info/top_level.txt
writing manifest file '../build/python_package/python_package.egg-info/SOURCES.txt'
reading manifest file '../build/python_package/python_package.egg-info/SOURCES.txt'
writing manifest file '../build/python_package/python_package.egg-info/SOURCES.txt'
running build
running build_py
creating /workspaces/ROS2/src/build/python_package/build
creating /workspaces/ROS2/src/build/python_package/build/lib
creating /workspaces/ROS2/src/build/python_package/build/lib/python_package
copying python_package/__init__.py -> /workspaces/ROS2/src/build/python_package/build/lib/python_package
running install
running install_lib
creating /workspaces/ROS2/src/install/lib/python3.8/site-packages/python_package
copying /workspaces/ROS2/src/build/python_package/build/lib/python_package/__init__.py -> /workspaces/ROS2/src/install/lib/python3.8/site-packages/python_package
byte-compiling /workspaces/ROS2/src/install/lib/python3.8/site-packages/python_package/__init__.py to __init__.cpython-38.pyc
running install_data
creating /workspaces/ROS2/src/install/share/ament_index
creating /workspaces/ROS2/src/install/share/ament_index/resource_index
creating /workspaces/ROS2/src/install/share/ament_index/resource_index/packages
copying resource/python_package -> /workspaces/ROS2/src/install/share/ament_index/resource_index/packages
copying package.xml -> /workspaces/ROS2/src/install/share/python_package
running install_egg_info
Copying ../build/python_package/python_package.egg-info to /workspaces/ROS2/src/install/lib/python3.8/site-packages/python_package-0.0.0-py3.8.egg-info
running install_scripts
writing list of installed files to '/workspaces/ROS2/src/build/python_package/install.log'
