-- The C compiler identification is GNU 9.3.0
-- The CXX compiler identification is GNU 9.3.0
-- Check for working C compiler: /usr/bin/cc
-- Check for working C compiler: /usr/bin/cc -- works
-- Detecting C compiler ABI info
-- Detecting C compiler ABI info - done
-- Detecting C compile features
-- Detecting C compile features - done
-- Check for working CXX compiler: /usr/bin/c++
-- Check for working CXX compiler: /usr/bin/c++ -- works
-- Detecting CXX compiler ABI info
-- Detecting CXX compiler ABI info - done
-- Detecting CXX compile features
-- Detecting CXX compile features - done
-- Found ament_cmake: 0.9.9 (/opt/ros/foxy/share/ament_cmake/cmake)
-- Found PythonInterp: /usr/bin/python3 (found suitable version "3.8.10", minimum required is "3") 
-- Using PYTHON_EXECUTABLE: /usr/bin/python3
-- Found ament_lint_auto: 0.9.6 (/opt/ros/foxy/share/ament_lint_auto/cmake)
-- Added test 'cppcheck' to perform static code analysis on C / C++ code
-- Configured cppcheck include dirs: $<BUILD_INTERFACE:/workspaces/ROS2/src/example/include>
-- Configured cppcheck exclude dirs and/or files: 
-- Added test 'cpplint' to check C / C++ code against the Google style
-- Configured cpplint exclude dirs and/or files: 
-- Added test 'flake8' to check Python code syntax and style conventions
-- Added test 'lint_cmake' to check CMake code style
-- Added test 'pep257' to check Python code against some of the style conventions in PEP 257
-- Added test 'xmllint' to check XML markup files
-- Configuring done
-- Generating done
-- Build files have been written to: /workspaces/ROS2/src/build/example
[35m[1mScanning dependencies of target example_node[0m
[ 50%] [32mBuilding CXX object CMakeFiles/example_node.dir/src/example_node.cpp.o[0m
[100%] [32m[1mLinking CXX executable example_node[0m
[100%] Built target example_node
-- Install configuration: ""
-- Installing: /workspaces/ROS2/src/install/lib/example/example_node
-- Installing: /workspaces/ROS2/src/install/share/ament_index/resource_index/package_run_dependencies/example
-- Installing: /workspaces/ROS2/src/install/share/ament_index/resource_index/parent_prefix_path/example
-- Installing: /workspaces/ROS2/src/install/share/example/environment/ament_prefix_path.sh
-- Installing: /workspaces/ROS2/src/install/share/example/environment/ament_prefix_path.dsv
-- Installing: /workspaces/ROS2/src/install/share/example/environment/path.sh
-- Installing: /workspaces/ROS2/src/install/share/example/environment/path.dsv
-- Installing: /workspaces/ROS2/src/install/share/example/local_setup.bash
-- Installing: /workspaces/ROS2/src/install/share/example/local_setup.sh
-- Installing: /workspaces/ROS2/src/install/share/example/local_setup.zsh
-- Installing: /workspaces/ROS2/src/install/share/example/local_setup.dsv
-- Installing: /workspaces/ROS2/src/install/share/example/package.dsv
-- Installing: /workspaces/ROS2/src/install/share/ament_index/resource_index/packages/example
-- Installing: /workspaces/ROS2/src/install/share/example/cmake/exampleConfig.cmake
-- Installing: /workspaces/ROS2/src/install/share/example/cmake/exampleConfig-version.cmake
-- Installing: /workspaces/ROS2/src/install/share/example/package.xml
